# JRE version: Java(TM) SE Runtime Environment (8.0_201-b09) (build 1.8.0_201-b09)
# Java VM: Java HotSpot(TM) 64-Bit Server VM (25.201-b09 mixed mode bsd-amd64 compressed oops)
Heap:
 PSYoungGen      total 441856K, used 245276K [0x0000000795580000, 0x00000007b6300000, 0x00000007c0000000)
  eden space 399360K, 50% used [0x0000000795580000,0x00000007a1b8e718,0x00000007adb80000)
  from space 42496K, 99% used [0x00000007b0f00000,0x00000007b3878cd0,0x00000007b3880000)
  to   space 52736K, 0% used [0x00000007adb80000,0x00000007adb80000,0x00000007b0f00000)
 ParOldGen       total 367616K, used 72246K [0x0000000740000000, 0x0000000756700000, 0x0000000795580000)
  object space 367616K, 19% used [0x0000000740000000,0x000000074468d9b8,0x0000000756700000)
 Metaspace       used 120388K, capacity 125318K, committed 125568K, reserved 1157120K
  class space    used 15965K, capacity 16905K, committed 17024K, reserved 1048576K
GC Heap History (10 events):
Event: 11.459 GC heap before
{Heap before GC invocations=18 (full 4):
 PSYoungGen      total 276992K, used 243712K [0x0000000795580000, 0x00000007abb80000, 0x00000007c0000000)
  eden space 243712K, 100% used [0x0000000795580000,0x00000007a4380000,0x00000007a4380000)
  from space 33280K, 0% used [0x00000007a4380000,0x00000007a4380000,0x00000007a6400000)
  to   space 33280K, 0% used [0x00000007a9b00000,0x00000007a9b00000,0x00000007abb80000)
 ParOldGen       total 367616K, used 57118K [0x0000000740000000, 0x0000000756700000, 0x0000000795580000)
  object space 367616K, 15% used [0x0000000740000000,0x00000007437c7af0,0x0000000756700000)
 Metaspace       used 102126K, capacity 106240K, committed 106496K, reserved 1140736K
  class space    used 13963K, capacity 14773K, committed 14848K, reserved 1048576K
Event: 11.474 GC heap after
Heap after GC invocations=18 (full 4):
 PSYoungGen      total 331264K, used 22185K [0x0000000795580000, 0x00000007abb00000, 0x00000007c0000000)
  eden space 298496K, 0% used [0x0000000795580000,0x0000000795580000,0x00000007a7900000)
  from space 32768K, 67% used [0x00000007a9b00000,0x00000007ab0aa6a0,0x00000007abb00000)
  to   space 33792K, 0% used [0x00000007a7900000,0x00000007a7900000,0x00000007a9a00000)
 ParOldGen       total 367616K, used 57126K [0x0000000740000000, 0x0000000756700000, 0x0000000795580000)
  object space 367616K, 15% used [0x0000000740000000,0x00000007437c9af0,0x0000000756700000)
 Metaspace       used 102126K, capacity 106240K, committed 106496K, reserved 1140736K
  class space    used 13963K, capacity 14773K, committed 14848K, reserved 1048576K
}
Event: 12.965 GC heap before
{Heap before GC invocations=19 (full 4):
 PSYoungGen      total 331264K, used 320681K [0x0000000795580000, 0x00000007abb00000, 0x00000007c0000000)
  eden space 298496K, 100% used [0x0000000795580000,0x00000007a7900000,0x00000007a7900000)
  from space 32768K, 67% used [0x00000007a9b00000,0x00000007ab0aa6a0,0x00000007abb00000)
  to   space 33792K, 0% used [0x00000007a7900000,0x00000007a7900000,0x00000007a9a00000)
 ParOldGen       total 367616K, used 57126K [0x0000000740000000, 0x0000000756700000, 0x0000000795580000)
  object space 367616K, 15% used [0x0000000740000000,0x00000007437c9af0,0x0000000756700000)
 Metaspace       used 108035K, capacity 112344K, committed 112512K, reserved 1146880K
  class space    used 14613K, capacity 15465K, committed 15488K, reserved 1048576K
Event: 12.982 GC heap after
Heap after GC invocations=19 (full 4):
 PSYoungGen      total 332288K, used 28915K [0x0000000795580000, 0x00000007afc00000, 0x00000007c0000000)
  eden space 298496K, 0% used [0x0000000795580000,0x0000000795580000,0x00000007a7900000)
  from space 33792K, 85% used [0x00000007a7900000,0x00000007a953ccf8,0x00000007a9a00000)
  to   space 36352K, 0% used [0x00000007ad880000,0x00000007ad880000,0x00000007afc00000)
 ParOldGen       total 367616K, used 57134K [0x0000000740000000, 0x0000000756700000, 0x0000000795580000)
  object space 367616K, 15% used [0x0000000740000000,0x00000007437cbaf0,0x0000000756700000)
 Metaspace       used 108035K, capacity 112344K, committed 112512K, reserved 1146880K
  class space    used 14613K, capacity 15465K, committed 15488K, reserved 1048576K
}
Event: 13.551 GC heap before
{Heap before GC invocations=20 (full 4):
 PSYoungGen      total 332288K, used 327411K [0x0000000795580000, 0x00000007afc00000, 0x00000007c0000000)
  eden space 298496K, 100% used [0x0000000795580000,0x00000007a7900000,0x00000007a7900000)
  from space 33792K, 85% used [0x00000007a7900000,0x00000007a953ccf8,0x00000007a9a00000)
  to   space 36352K, 0% used [0x00000007ad880000,0x00000007ad880000,0x00000007afc00000)
 ParOldGen       total 367616K, used 57134K [0x0000000740000000, 0x0000000756700000, 0x0000000795580000)
  object space 367616K, 15% used [0x0000000740000000,0x00000007437cbaf0,0x0000000756700000)
 Metaspace       used 108466K, capacity 112884K, committed 113152K, reserved 1146880K
  class space    used 14641K, capacity 15505K, committed 15616K, reserved 1048576K
Event: 13.569 GC heap after
Heap after GC invocations=20 (full 4):
 PSYoungGen      total 396288K, used 22921K [0x0000000795580000, 0x00000007b0180000, 0x00000007c0000000)
  eden space 359936K, 0% used [0x0000000795580000,0x0000000795580000,0x00000007ab500000)
  from space 36352K, 63% used [0x00000007ad880000,0x00000007aeee26a0,0x00000007afc00000)
  to   space 36352K, 0% used [0x00000007ab500000,0x00000007ab500000,0x00000007ad880000)
 ParOldGen       total 367616K, used 57142K [0x0000000740000000, 0x0000000756700000, 0x0000000795580000)
  object space 367616K, 15% used [0x0000000740000000,0x00000007437cdaf0,0x0000000756700000)
 Metaspace       used 108466K, capacity 112884K, committed 113152K, reserved 1146880K
  class space    used 14641K, capacity 15505K, committed 15616K, reserved 1048576K
}
Event: 15.837 GC heap before
{Heap before GC invocations=21 (full 4):
 PSYoungGen      total 396288K, used 382857K [0x0000000795580000, 0x00000007b0180000, 0x00000007c0000000)
  eden space 359936K, 100% used [0x0000000795580000,0x00000007ab500000,0x00000007ab500000)
  from space 36352K, 63% used [0x00000007ad880000,0x00000007aeee26a0,0x00000007afc00000)
  to   space 36352K, 0% used [0x00000007ab500000,0x00000007ab500000,0x00000007ad880000)
 ParOldGen       total 367616K, used 57142K [0x0000000740000000, 0x0000000756700000, 0x0000000795580000)
  object space 367616K, 15% used [0x0000000740000000,0x00000007437cdaf0,0x0000000756700000)
 Metaspace       used 112415K, capacity 117062K, committed 117120K, reserved 1150976K
  class space    used 15098K, capacity 15974K, committed 16000K, reserved 1048576K
Event: 15.863 GC heap after
Heap after GC invocations=21 (full 4):
 PSYoungGen      total 396288K, used 36348K [0x0000000795580000, 0x00000007b3880000, 0x00000007c0000000)
  eden space 359936K, 0% used [0x0000000795580000,0x0000000795580000,0x00000007ab500000)
  from space 36352K, 99% used [0x00000007ab500000,0x00000007ad87f270,0x00000007ad880000)
  to   space 42496K, 0% used [0x00000007b0f00000,0x00000007b0f00000,0x00000007b3880000)
 ParOldGen       total 367616K, used 60267K [0x0000000740000000, 0x0000000756700000, 0x0000000795580000)
  object space 367616K, 16% used [0x0000000740000000,0x0000000743adac90,0x0000000756700000)
 Metaspace       used 112415K, capacity 117062K, committed 117120K, reserved 1150976K
  class space    used 15098K, capacity 15974K, committed 16000K, reserved 1048576K
}
Event: 16.221 GC heap before
{Heap before GC invocations=22 (full 4):
 PSYoungGen      total 396288K, used 396284K [0x0000000795580000, 0x00000007b3880000, 0x00000007c0000000)
  eden space 359936K, 100% used [0x0000000795580000,0x00000007ab500000,0x00000007ab500000)
  from space 36352K, 99% used [0x00000007ab500000,0x00000007ad87f270,0x00000007ad880000)
  to   space 42496K, 0% used [0x00000007b0f00000,0x00000007b0f00000,0x00000007b3880000)
 ParOldGen       total 367616K, used 60267K [0x0000000740000000, 0x0000000756700000, 0x0000000795580000)
  object space 367616K, 16% used [0x0000000740000000,0x0000000743adac90,0x0000000756700000)
 Metaspace       used 112517K, capacity 117214K, committed 117376K, reserved 1150976K
  class space    used 15099K, capacity 15976K, committed 16000K, reserved 1048576K
Event: 16.257 GC heap after
Heap after GC invocations=22 (full 4):
 PSYoungGen      total 441856K, used 42467K [0x0000000795580000, 0x00000007b6300000, 0x00000007c0000000)
  eden space 399360K, 0% used [0x0000000795580000,0x0000000795580000,0x00000007adb80000)
  from space 42496K, 99% used [0x00000007b0f00000,0x00000007b3878cd0,0x00000007b3880000)
  to   space 52736K, 0% used [0x00000007adb80000,0x00000007adb80000,0x00000007b0f00000)
 ParOldGen       total 367616K, used 72246K [0x0000000740000000, 0x0000000756700000, 0x0000000795580000)
  object space 367616K, 19% used [0x0000000740000000,0x000000074468d9b8,0x0000000756700000)
 Metaspace       used 112517K, capacity 117214K, committed 117376K, reserved 1150976K
  class space    used 15099K, capacity 15976K, committed 16000K, reserved 1048576K
}

