# JRE version: Java(TM) SE Runtime Environment (8.0_201-b09) (build 1.8.0_201-b09)
# Java VM: Java HotSpot(TM) 64-Bit Server VM (25.201-b09 mixed mode bsd-amd64 compressed oops)
Heap:
 PSYoungGen      total 637952K, used 247818K [0x0000000795580000, 0x00000007c0000000, 0x00000007c0000000)
  eden space 584192K, 35% used [0x0000000795580000,0x00000007a203b1c8,0x00000007b9000000)
  from space 53760K, 74% used [0x00000007bcb80000,0x00000007bf2c7640,0x00000007c0000000)
  to   space 57344K, 0% used [0x00000007b9000000,0x00000007b9000000,0x00000007bc800000)
 ParOldGen       total 649728K, used 555939K [0x0000000740000000, 0x0000000767a80000, 0x0000000795580000)
  object space 649728K, 85% used [0x0000000740000000,0x0000000761ee8ff8,0x0000000767a80000)
 Metaspace       used 165376K, capacity 172860K, committed 172928K, reserved 1200128K
  class space    used 21432K, capacity 22853K, committed 22912K, reserved 1048576K
GC Heap History (10 events):
Event: 63.479 GC heap before
{Heap before GC invocations=96 (full 6):
 PSYoungGen      total 651264K, used 605952K [0x0000000795580000, 0x00000007c0000000, 0x00000007c0000000)
  eden space 605696K, 100% used [0x0000000795580000,0x00000007ba500000,0x00000007ba500000)
  from space 45568K, 0% used [0x00000007ba500000,0x00000007ba540000,0x00000007bd180000)
  to   space 46080K, 0% used [0x00000007bd300000,0x00000007bd300000,0x00000007c0000000)
 ParOldGen       total 649728K, used 500361K [0x0000000740000000, 0x0000000767a80000, 0x0000000795580000)
  object space 649728K, 77% used [0x0000000740000000,0x000000075e8a2488,0x0000000767a80000)
 Metaspace       used 132473K, capacity 138402K, committed 139776K, reserved 1169408K
  class space    used 17475K, capacity 18561K, committed 18944K, reserved 1048576K
Event: 63.496 GC heap after
Heap after GC invocations=96 (full 6):
 PSYoungGen      total 650752K, used 20300K [0x0000000795580000, 0x00000007bfd80000, 0x00000007c0000000)
  eden space 607232K, 0% used [0x0000000795580000,0x0000000795580000,0x00000007ba680000)
  from space 43520K, 46% used [0x00000007bd300000,0x00000007be6d3098,0x00000007bfd80000)
  to   space 44544K, 0% used [0x00000007ba680000,0x00000007ba680000,0x00000007bd200000)
 ParOldGen       total 649728K, used 500457K [0x0000000740000000, 0x0000000767a80000, 0x0000000795580000)
  object space 649728K, 77% used [0x0000000740000000,0x000000075e8ba488,0x0000000767a80000)
 Metaspace       used 132473K, capacity 138402K, committed 139776K, reserved 1169408K
  class space    used 17475K, capacity 18561K, committed 18944K, reserved 1048576K
}
Event: 64.692 GC heap before
{Heap before GC invocations=97 (full 6):
 PSYoungGen      total 650752K, used 627532K [0x0000000795580000, 0x00000007bfd80000, 0x00000007c0000000)
  eden space 607232K, 100% used [0x0000000795580000,0x00000007ba680000,0x00000007ba680000)
  from space 43520K, 46% used [0x00000007bd300000,0x00000007be6d3098,0x00000007bfd80000)
  to   space 44544K, 0% used [0x00000007ba680000,0x00000007ba680000,0x00000007bd200000)
 ParOldGen       total 649728K, used 500457K [0x0000000740000000, 0x0000000767a80000, 0x0000000795580000)
  object space 649728K, 77% used [0x0000000740000000,0x000000075e8ba488,0x0000000767a80000)
 Metaspace       used 135823K, capacity 141758K, committed 142848K, reserved 1173504K
  class space    used 17730K, capacity 18865K, committed 19200K, reserved 1048576K
Event: 64.703 GC heap after
Heap after GC invocations=97 (full 6):
 PSYoungGen      total 651776K, used 15975K [0x0000000795580000, 0x00000007bfc00000, 0x00000007c0000000)
  eden space 607232K, 0% used [0x0000000795580000,0x0000000795580000,0x00000007ba680000)
  from space 44544K, 35% used [0x00000007ba680000,0x00000007bb619d88,0x00000007bd200000)
  to   space 41984K, 0% used [0x00000007bd300000,0x00000007bd300000,0x00000007bfc00000)
 ParOldGen       total 649728K, used 506524K [0x0000000740000000, 0x0000000767a80000, 0x0000000795580000)
  object space 649728K, 77% used [0x0000000740000000,0x000000075eea7150,0x0000000767a80000)
 Metaspace       used 135823K, capacity 141758K, committed 142848K, reserved 1173504K
  class space    used 17730K, capacity 18865K, committed 19200K, reserved 1048576K
}
Event: 69.559 GC heap before
{Heap before GC invocations=98 (full 6):
 PSYoungGen      total 651776K, used 623207K [0x0000000795580000, 0x00000007bfc00000, 0x00000007c0000000)
  eden space 607232K, 100% used [0x0000000795580000,0x00000007ba680000,0x00000007ba680000)
  from space 44544K, 35% used [0x00000007ba680000,0x00000007bb619d88,0x00000007bd200000)
  to   space 41984K, 0% used [0x00000007bd300000,0x00000007bd300000,0x00000007bfc00000)
 ParOldGen       total 649728K, used 506524K [0x0000000740000000, 0x0000000767a80000, 0x0000000795580000)
  object space 649728K, 77% used [0x0000000740000000,0x000000075eea7150,0x0000000767a80000)
 Metaspace       used 156868K, capacity 163678K, committed 163968K, reserved 1191936K
  class space    used 20569K, capacity 21888K, committed 21888K, reserved 1048576K
Event: 69.586 GC heap after
Heap after GC invocations=98 (full 6):
 PSYoungGen      total 629248K, used 41978K [0x0000000795580000, 0x00000007c0000000, 0x00000007c0000000)
  eden space 587264K, 0% used [0x0000000795580000,0x0000000795580000,0x00000007b9300000)
  from space 41984K, 99% used [0x00000007bd300000,0x00000007bfbfebd8,0x00000007bfc00000)
  to   space 55808K, 0% used [0x00000007b9300000,0x00000007b9300000,0x00000007bc980000)
 ParOldGen       total 649728K, used 525302K [0x0000000740000000, 0x0000000767a80000, 0x0000000795580000)
  object space 649728K, 80% used [0x0000000740000000,0x00000007600fd8e0,0x0000000767a80000)
 Metaspace       used 156868K, capacity 163678K, committed 163968K, reserved 1191936K
  class space    used 20569K, capacity 21888K, committed 21888K, reserved 1048576K
}
Event: 71.637 GC heap before
{Heap before GC invocations=99 (full 6):
 PSYoungGen      total 629248K, used 629242K [0x0000000795580000, 0x00000007c0000000, 0x00000007c0000000)
  eden space 587264K, 100% used [0x0000000795580000,0x00000007b9300000,0x00000007b9300000)
  from space 41984K, 99% used [0x00000007bd300000,0x00000007bfbfebd8,0x00000007bfc00000)
  to   space 55808K, 0% used [0x00000007b9300000,0x00000007b9300000,0x00000007bc980000)
 ParOldGen       total 649728K, used 525302K [0x0000000740000000, 0x0000000767a80000, 0x0000000795580000)
  object space 649728K, 80% used [0x0000000740000000,0x00000007600fd8e0,0x0000000767a80000)
 Metaspace       used 160410K, capacity 167572K, committed 167808K, reserved 1193984K
  class space    used 20960K, capacity 22323K, committed 22400K, reserved 1048576K
Event: 71.661 GC heap after
Heap after GC invocations=99 (full 6):
 PSYoungGen      total 643072K, used 14475K [0x0000000795580000, 0x00000007c0000000, 0x00000007c0000000)
  eden space 587264K, 0% used [0x0000000795580000,0x0000000795580000,0x00000007b9300000)
  from space 55808K, 25% used [0x00000007b9300000,0x00000007ba122e18,0x00000007bc980000)
  to   space 53760K, 0% used [0x00000007bcb80000,0x00000007bcb80000,0x00000007c0000000)
 ParOldGen       total 649728K, used 547355K [0x0000000740000000, 0x0000000767a80000, 0x0000000795580000)
  object space 649728K, 84% used [0x0000000740000000,0x0000000761686c60,0x0000000767a80000)
 Metaspace       used 160410K, capacity 167572K, committed 167808K, reserved 1193984K
  class space    used 20960K, capacity 22323K, committed 22400K, reserved 1048576K
}
Event: 72.797 GC heap before
{Heap before GC invocations=100 (full 6):
 PSYoungGen      total 643072K, used 601739K [0x0000000795580000, 0x00000007c0000000, 0x00000007c0000000)
  eden space 587264K, 100% used [0x0000000795580000,0x00000007b9300000,0x00000007b9300000)
  from space 55808K, 25% used [0x00000007b9300000,0x00000007ba122e18,0x00000007bc980000)
  to   space 53760K, 0% used [0x00000007bcb80000,0x00000007bcb80000,0x00000007c0000000)
 ParOldGen       total 649728K, used 547355K [0x0000000740000000, 0x0000000767a80000, 0x0000000795580000)
  object space 649728K, 84% used [0x0000000740000000,0x0000000761686c60,0x0000000767a80000)
 Metaspace       used 162060K, capacity 169266K, committed 169472K, reserved 1196032K
  class space    used 21141K, capacity 22514K, committed 22528K, reserved 1048576K
Event: 72.818 GC heap after
Heap after GC invocations=100 (full 6):
 PSYoungGen      total 637952K, used 40221K [0x0000000795580000, 0x00000007c0000000, 0x00000007c0000000)
  eden space 584192K, 0% used [0x0000000795580000,0x0000000795580000,0x00000007b9000000)
  from space 53760K, 74% used [0x00000007bcb80000,0x00000007bf2c7640,0x00000007c0000000)
  to   space 57344K, 0% used [0x00000007b9000000,0x00000007b9000000,0x00000007bc800000)
 ParOldGen       total 649728K, used 555939K [0x0000000740000000, 0x0000000767a80000, 0x0000000795580000)
  object space 649728K, 85% used [0x0000000740000000,0x0000000761ee8ff8,0x0000000767a80000)
 Metaspace       used 162060K, capacity 169266K, committed 169472K, reserved 1196032K
  class space    used 21141K, capacity 22514K, committed 22528K, reserved 1048576K
}

