# JRE version: Java(TM) SE Runtime Environment (8.0_201-b09) (build 1.8.0_201-b09)
# Java VM: Java HotSpot(TM) 64-Bit Server VM (25.201-b09 mixed mode bsd-amd64 compressed oops)
Heap:
 PSYoungGen      total 610304K, used 371812K [0x0000000795580000, 0x00000007c0000000, 0x00000007c0000000)
  eden space 567808K, 58% used [0x0000000795580000,0x00000007a971cc88,0x00000007b8000000)
  from space 42496K, 99% used [0x00000007b8000000,0x00000007ba97c4d0,0x00000007ba980000)
  to   space 52736K, 0% used [0x00000007bcc80000,0x00000007bcc80000,0x00000007c0000000)
 ParOldGen       total 347136K, used 68970K [0x0000000740000000, 0x0000000755300000, 0x0000000795580000)
  object space 347136K, 19% used [0x0000000740000000,0x000000074435a898,0x0000000755300000)
 Metaspace       used 121163K, capacity 126512K, committed 126720K, reserved 1159168K
  class space    used 16119K, capacity 17133K, committed 17152K, reserved 1048576K
GC Heap History (10 events):
Event: 13.988 GC heap before
{Heap before GC invocations=13 (full 3):
 PSYoungGen      total 398848K, used 63122K [0x0000000795580000, 0x00000007b5480000, 0x00000007c0000000)
  eden space 368640K, 8% used [0x0000000795580000,0x00000007975a4fa8,0x00000007abd80000)
  from space 30208K, 99% used [0x00000007abd80000,0x00000007adaffa58,0x00000007adb00000)
  to   space 39424K, 0% used [0x00000007b2e00000,0x00000007b2e00000,0x00000007b5480000)
 ParOldGen       total 269312K, used 55064K [0x0000000740000000, 0x0000000750700000, 0x0000000795580000)
  object space 269312K, 20% used [0x0000000740000000,0x00000007435c6140,0x0000000750700000)
 Metaspace       used 94829K, capacity 98568K, committed 98600K, reserved 1134592K
  class space    used 12928K, capacity 13683K, committed 13696K, reserved 1048576K
Event: 14.011 GC heap after
Heap after GC invocations=13 (full 3):
 PSYoungGen      total 482304K, used 28399K [0x0000000795580000, 0x00000007b8280000, 0x00000007c0000000)
  eden space 442880K, 0% used [0x0000000795580000,0x0000000795580000,0x00000007b0600000)
  from space 39424K, 72% used [0x00000007b2e00000,0x00000007b49bbd50,0x00000007b5480000)
  to   space 40960K, 0% used [0x00000007b0600000,0x00000007b0600000,0x00000007b2e00000)
 ParOldGen       total 269312K, used 55136K [0x0000000740000000, 0x0000000750700000, 0x0000000795580000)
  object space 269312K, 20% used [0x0000000740000000,0x00000007435d8150,0x0000000750700000)
 Metaspace       used 94829K, capacity 98568K, committed 98600K, reserved 1134592K
  class space    used 12928K, capacity 13683K, committed 13696K, reserved 1048576K
}
Event: 14.011 GC heap before
{Heap before GC invocations=14 (full 4):
 PSYoungGen      total 482304K, used 28399K [0x0000000795580000, 0x00000007b8280000, 0x00000007c0000000)
  eden space 442880K, 0% used [0x0000000795580000,0x0000000795580000,0x00000007b0600000)
  from space 39424K, 72% used [0x00000007b2e00000,0x00000007b49bbd50,0x00000007b5480000)
  to   space 40960K, 0% used [0x00000007b0600000,0x00000007b0600000,0x00000007b2e00000)
 ParOldGen       total 269312K, used 55136K [0x0000000740000000, 0x0000000750700000, 0x0000000795580000)
  object space 269312K, 20% used [0x0000000740000000,0x00000007435d8150,0x0000000750700000)
 Metaspace       used 94829K, capacity 98568K, committed 98600K, reserved 1134592K
  class space    used 12928K, capacity 13683K, committed 13696K, reserved 1048576K
Event: 14.153 GC heap after
Heap after GC invocations=14 (full 4):
 PSYoungGen      total 482304K, used 0K [0x0000000795580000, 0x00000007b8280000, 0x00000007c0000000)
  eden space 442880K, 0% used [0x0000000795580000,0x0000000795580000,0x00000007b0600000)
  from space 39424K, 0% used [0x00000007b2e00000,0x00000007b2e00000,0x00000007b5480000)
  to   space 40960K, 0% used [0x00000007b0600000,0x00000007b0600000,0x00000007b2e00000)
 ParOldGen       total 347136K, used 57106K [0x0000000740000000, 0x0000000755300000, 0x0000000795580000)
  object space 347136K, 16% used [0x0000000740000000,0x00000007437c4a48,0x0000000755300000)
 Metaspace       used 94776K, capacity 98412K, committed 98600K, reserved 1134592K
  class space    used 12913K, capacity 13634K, committed 13696K, reserved 1048576K
}
Event: 16.747 GC heap before
{Heap before GC invocations=15 (full 4):
 PSYoungGen      total 482304K, used 442880K [0x0000000795580000, 0x00000007b8280000, 0x00000007c0000000)
  eden space 442880K, 100% used [0x0000000795580000,0x00000007b0600000,0x00000007b0600000)
  from space 39424K, 0% used [0x00000007b2e00000,0x00000007b2e00000,0x00000007b5480000)
  to   space 40960K, 0% used [0x00000007b0600000,0x00000007b0600000,0x00000007b2e00000)
 ParOldGen       total 347136K, used 57106K [0x0000000740000000, 0x0000000755300000, 0x0000000795580000)
  object space 347136K, 16% used [0x0000000740000000,0x00000007437c4a48,0x0000000755300000)
 Metaspace       used 107558K, capacity 112294K, committed 112640K, reserved 1146880K
  class space    used 14607K, capacity 15503K, committed 15616K, reserved 1048576K
Event: 16.768 GC heap after
Heap after GC invocations=15 (full 4):
 PSYoungGen      total 483840K, used 27453K [0x0000000795580000, 0x00000007bd680000, 0x00000007c0000000)
  eden space 442880K, 0% used [0x0000000795580000,0x0000000795580000,0x00000007b0600000)
  from space 40960K, 67% used [0x00000007b0600000,0x00000007b20cf688,0x00000007b2e00000)
  to   space 41984K, 0% used [0x00000007bad80000,0x00000007bad80000,0x00000007bd680000)
 ParOldGen       total 347136K, used 57114K [0x0000000740000000, 0x0000000755300000, 0x0000000795580000)
  object space 347136K, 16% used [0x0000000740000000,0x00000007437c6a48,0x0000000755300000)
 Metaspace       used 107558K, capacity 112294K, committed 112640K, reserved 1146880K
  class space    used 14607K, capacity 15503K, committed 15616K, reserved 1048576K
}
Event: 17.776 GC heap before
{Heap before GC invocations=16 (full 4):
 PSYoungGen      total 483840K, used 470333K [0x0000000795580000, 0x00000007bd680000, 0x00000007c0000000)
  eden space 442880K, 100% used [0x0000000795580000,0x00000007b0600000,0x00000007b0600000)
  from space 40960K, 67% used [0x00000007b0600000,0x00000007b20cf688,0x00000007b2e00000)
  to   space 41984K, 0% used [0x00000007bad80000,0x00000007bad80000,0x00000007bd680000)
 ParOldGen       total 347136K, used 57114K [0x0000000740000000, 0x0000000755300000, 0x0000000795580000)
  object space 347136K, 16% used [0x0000000740000000,0x00000007437c6a48,0x0000000755300000)
 Metaspace       used 110177K, capacity 115096K, committed 115328K, reserved 1148928K
  class space    used 14922K, capacity 15874K, committed 16000K, reserved 1048576K
Event: 17.794 GC heap after
Heap after GC invocations=16 (full 4):
 PSYoungGen      total 606208K, used 27761K [0x0000000795580000, 0x00000007bd300000, 0x00000007c0000000)
  eden space 567808K, 0% used [0x0000000795580000,0x0000000795580000,0x00000007b8000000)
  from space 38400K, 72% used [0x00000007bad80000,0x00000007bc89c768,0x00000007bd300000)
  to   space 42496K, 0% used [0x00000007b8000000,0x00000007b8000000,0x00000007ba980000)
 ParOldGen       total 347136K, used 57122K [0x0000000740000000, 0x0000000755300000, 0x0000000795580000)
  object space 347136K, 16% used [0x0000000740000000,0x00000007437c8a48,0x0000000755300000)
 Metaspace       used 110177K, capacity 115096K, committed 115328K, reserved 1148928K
  class space    used 14922K, capacity 15874K, committed 16000K, reserved 1048576K
}
Event: 20.164 GC heap before
{Heap before GC invocations=17 (full 4):
 PSYoungGen      total 606208K, used 595569K [0x0000000795580000, 0x00000007bd300000, 0x00000007c0000000)
  eden space 567808K, 100% used [0x0000000795580000,0x00000007b8000000,0x00000007b8000000)
  from space 38400K, 72% used [0x00000007bad80000,0x00000007bc89c768,0x00000007bd300000)
  to   space 42496K, 0% used [0x00000007b8000000,0x00000007b8000000,0x00000007ba980000)
 ParOldGen       total 347136K, used 57122K [0x0000000740000000, 0x0000000755300000, 0x0000000795580000)
  object space 347136K, 16% used [0x0000000740000000,0x00000007437c8a48,0x0000000755300000)
 Metaspace       used 113308K, capacity 118514K, committed 118656K, reserved 1150976K
  class space    used 15253K, capacity 16237K, committed 16256K, reserved 1048576K
Event: 20.201 GC heap after
Heap after GC invocations=17 (full 4):
 PSYoungGen      total 610304K, used 42481K [0x0000000795580000, 0x00000007c0000000, 0x00000007c0000000)
  eden space 567808K, 0% used [0x0000000795580000,0x0000000795580000,0x00000007b8000000)
  from space 42496K, 99% used [0x00000007b8000000,0x00000007ba97c4d0,0x00000007ba980000)
  to   space 52736K, 0% used [0x00000007bcc80000,0x00000007bcc80000,0x00000007c0000000)
 ParOldGen       total 347136K, used 68970K [0x0000000740000000, 0x0000000755300000, 0x0000000795580000)
  object space 347136K, 19% used [0x0000000740000000,0x000000074435a898,0x0000000755300000)
 Metaspace       used 113308K, capacity 118514K, committed 118656K, reserved 1150976K
  class space    used 15253K, capacity 16237K, committed 16256K, reserved 1048576K
}

