# JRE version: Java(TM) SE Runtime Environment (8.0_201-b09) (build 1.8.0_201-b09)
# Java VM: Java HotSpot(TM) 64-Bit Server VM (25.201-b09 mixed mode bsd-amd64 compressed oops)
Heap:
 PSYoungGen      total 608256K, used 487245K [0x0000000795580000, 0x00000007c0000000, 0x00000007c0000000)
  eden space 607744K, 80% used [0x0000000795580000,0x00000007b313b458,0x00000007ba700000)
  from space 512K, 18% used [0x00000007ba700000,0x00000007ba718000,0x00000007ba780000)
  to   space 47104K, 0% used [0x00000007bd200000,0x00000007bd200000,0x00000007c0000000)
 ParOldGen       total 741888K, used 328919K [0x0000000740000000, 0x000000076d480000, 0x0000000795580000)
  object space 741888K, 44% used [0x0000000740000000,0x0000000754135ed8,0x000000076d480000)
 Metaspace       used 211383K, capacity 221434K, committed 221568K, reserved 1241088K
  class space    used 27078K, capacity 28992K, committed 29056K, reserved 1048576K
GC Heap History (10 events):
Event: 1698.822 GC heap before
{Heap before GC invocations=217 (full 10):
 PSYoungGen      total 658432K, used 645402K [0x0000000795580000, 0x00000007c0000000, 0x00000007c0000000)
  eden space 619008K, 100% used [0x0000000795580000,0x00000007bb200000,0x00000007bb200000)
  from space 39424K, 66% used [0x00000007bd980000,0x00000007bf3469e0,0x00000007c0000000)
  to   space 39936K, 0% used [0x00000007bb200000,0x00000007bb200000,0x00000007bd900000)
 ParOldGen       total 741888K, used 257615K [0x0000000740000000, 0x000000076d480000, 0x0000000795580000)
  object space 741888K, 34% used [0x0000000740000000,0x000000074fb93f98,0x000000076d480000)
 Metaspace       used 179097K, capacity 187458K, committed 188544K, reserved 1212416K
  class space    used 23115K, capacity 24713K, committed 24960K, reserved 1048576K
Event: 1698.837 GC heap after
Heap after GC invocations=217 (full 10):
 PSYoungGen      total 658944K, used 9812K [0x0000000795580000, 0x00000007c0000000, 0x00000007c0000000)
  eden space 619008K, 0% used [0x0000000795580000,0x0000000795580000,0x00000007bb200000)
  from space 39936K, 24% used [0x00000007bb200000,0x00000007bbb95118,0x00000007bd900000)
  to   space 39936K, 0% used [0x00000007bd900000,0x00000007bd900000,0x00000007c0000000)
 ParOldGen       total 741888K, used 272794K [0x0000000740000000, 0x000000076d480000, 0x0000000795580000)
  object space 741888K, 36% used [0x0000000740000000,0x0000000750a66b08,0x000000076d480000)
 Metaspace       used 179097K, capacity 187458K, committed 188544K, reserved 1212416K
  class space    used 23115K, capacity 24713K, committed 24960K, reserved 1048576K
}
Event: 1713.335 GC heap before
{Heap before GC invocations=218 (full 10):
 PSYoungGen      total 658944K, used 628820K [0x0000000795580000, 0x00000007c0000000, 0x00000007c0000000)
  eden space 619008K, 100% used [0x0000000795580000,0x00000007bb200000,0x00000007bb200000)
  from space 39936K, 24% used [0x00000007bb200000,0x00000007bbb95118,0x00000007bd900000)
  to   space 39936K, 0% used [0x00000007bd900000,0x00000007bd900000,0x00000007c0000000)
 ParOldGen       total 741888K, used 272794K [0x0000000740000000, 0x000000076d480000, 0x0000000795580000)
  object space 741888K, 36% used [0x0000000740000000,0x0000000750a66b08,0x000000076d480000)
 Metaspace       used 191159K, capacity 200146K, committed 200320K, reserved 1222656K
  class space    used 24470K, capacity 26158K, committed 26240K, reserved 1048576K
Event: 1713.349 GC heap after
Heap after GC invocations=218 (full 10):
 PSYoungGen      total 656896K, used 22602K [0x0000000795580000, 0x00000007bfe00000, 0x00000007c0000000)
  eden space 619008K, 0% used [0x0000000795580000,0x0000000795580000,0x00000007bb200000)
  from space 37888K, 59% used [0x00000007bd900000,0x00000007bef12b68,0x00000007bfe00000)
  to   space 38912K, 0% used [0x00000007bb200000,0x00000007bb200000,0x00000007bd800000)
 ParOldGen       total 741888K, used 277113K [0x0000000740000000, 0x000000076d480000, 0x0000000795580000)
  object space 741888K, 37% used [0x0000000740000000,0x0000000750e9e7c0,0x000000076d480000)
 Metaspace       used 191159K, capacity 200146K, committed 200320K, reserved 1222656K
  class space    used 24470K, capacity 26158K, committed 26240K, reserved 1048576K
}
Event: 1716.015 GC heap before
{Heap before GC invocations=219 (full 10):
 PSYoungGen      total 656896K, used 641610K [0x0000000795580000, 0x00000007bfe00000, 0x00000007c0000000)
  eden space 619008K, 100% used [0x0000000795580000,0x00000007bb200000,0x00000007bb200000)
  from space 37888K, 59% used [0x00000007bd900000,0x00000007bef12b68,0x00000007bfe00000)
  to   space 38912K, 0% used [0x00000007bb200000,0x00000007bb200000,0x00000007bd800000)
 ParOldGen       total 741888K, used 277113K [0x0000000740000000, 0x000000076d480000, 0x0000000795580000)
  object space 741888K, 37% used [0x0000000740000000,0x0000000750e9e7c0,0x000000076d480000)
 Metaspace       used 205262K, capacity 214912K, committed 215040K, reserved 1236992K
  class space    used 26487K, capacity 28345K, committed 28416K, reserved 1048576K
Event: 1716.040 GC heap after
Heap after GC invocations=219 (full 10):
 PSYoungGen      total 657920K, used 38911K [0x0000000795580000, 0x00000007c0000000, 0x00000007c0000000)
  eden space 619008K, 0% used [0x0000000795580000,0x0000000795580000,0x00000007bb200000)
  from space 38912K, 99% used [0x00000007bb200000,0x00000007bd7ffd68,0x00000007bd800000)
  to   space 40960K, 0% used [0x00000007bd800000,0x00000007bd800000,0x00000007c0000000)
 ParOldGen       total 741888K, used 287545K [0x0000000740000000, 0x000000076d480000, 0x0000000795580000)
  object space 741888K, 38% used [0x0000000740000000,0x00000007518ce6e0,0x000000076d480000)
 Metaspace       used 205262K, capacity 214912K, committed 215040K, reserved 1236992K
  class space    used 26487K, capacity 28345K, committed 28416K, reserved 1048576K
}
Event: 1718.539 GC heap before
{Heap before GC invocations=220 (full 10):
 PSYoungGen      total 657920K, used 657919K [0x0000000795580000, 0x00000007c0000000, 0x00000007c0000000)
  eden space 619008K, 100% used [0x0000000795580000,0x00000007bb200000,0x00000007bb200000)
  from space 38912K, 99% used [0x00000007bb200000,0x00000007bd7ffd68,0x00000007bd800000)
  to   space 40960K, 0% used [0x00000007bd800000,0x00000007bd800000,0x00000007c0000000)
 ParOldGen       total 741888K, used 287562K [0x0000000740000000, 0x000000076d480000, 0x0000000795580000)
  object space 741888K, 38% used [0x0000000740000000,0x00000007518d2a28,0x000000076d480000)
 Metaspace       used 208886K, capacity 218726K, committed 218752K, reserved 1239040K
  class space    used 26924K, capacity 28800K, committed 28800K, reserved 1048576K
Event: 1718.561 GC heap after
Heap after GC invocations=220 (full 10):
 PSYoungGen      total 648704K, used 23322K [0x0000000795580000, 0x00000007c0000000, 0x00000007c0000000)
  eden space 607744K, 0% used [0x0000000795580000,0x0000000795580000,0x00000007ba700000)
  from space 40960K, 56% used [0x00000007bd800000,0x00000007beec6a68,0x00000007c0000000)
  to   space 45568K, 0% used [0x00000007ba700000,0x00000007ba700000,0x00000007bd380000)
 ParOldGen       total 741888K, used 306118K [0x0000000740000000, 0x000000076d480000, 0x0000000795580000)
  object space 741888K, 41% used [0x0000000740000000,0x0000000752af1ab8,0x000000076d480000)
 Metaspace       used 208886K, capacity 218726K, committed 218752K, reserved 1239040K
  class space    used 26924K, capacity 28800K, committed 28800K, reserved 1048576K
}
Event: 1718.563 GC heap before
{Heap before GC invocations=221 (full 10):
 PSYoungGen      total 648704K, used 26718K [0x0000000795580000, 0x00000007c0000000, 0x00000007c0000000)
  eden space 607744K, 0% used [0x0000000795580000,0x00000007958d1140,0x00000007ba700000)
  from space 40960K, 56% used [0x00000007bd800000,0x00000007beec6a68,0x00000007c0000000)
  to   space 45568K, 0% used [0x00000007ba700000,0x00000007ba700000,0x00000007bd380000)
 ParOldGen       total 741888K, used 306118K [0x0000000740000000, 0x000000076d480000, 0x0000000795580000)
  object space 741888K, 41% used [0x0000000740000000,0x0000000752af1ab8,0x000000076d480000)
 Metaspace       used 208886K, capacity 218726K, committed 218752K, reserved 1239040K
  class space    used 26924K, capacity 28800K, committed 28800K, reserved 1048576K
Event: 1718.578 GC heap after
Heap after GC invocations=221 (full 10):
 PSYoungGen      total 608256K, used 96K [0x0000000795580000, 0x00000007c0000000, 0x00000007c0000000)
  eden space 607744K, 0% used [0x0000000795580000,0x0000000795580000,0x00000007ba700000)
  from space 512K, 18% used [0x00000007ba700000,0x00000007ba718000,0x00000007ba780000)
  to   space 47104K, 0% used [0x00000007bd200000,0x00000007bd200000,0x00000007c0000000)
 ParOldGen       total 741888K, used 328919K [0x0000000740000000, 0x000000076d480000, 0x0000000795580000)
  object space 741888K, 44% used [0x0000000740000000,0x0000000754135ed8,0x000000076d480000)
 Metaspace       used 208886K, capacity 218726K, committed 218752K, reserved 1239040K
  class space    used 26924K, capacity 28800K, committed 28800K, reserved 1048576K
}

